14:30:32.561 karate.env system property was:  
14:30:34.441 request:
1 > POST http://localhost:8080/gakushu/v1/modules
1 > Accept-Encoding: gzip,deflate
1 > Connection: Keep-Alive
1 > Content-Length: 63
1 > Content-Type: application/json; charset=UTF-8
1 > Host: localhost:8080
1 > User-Agent: Apache-HttpClient/4.5.12 (Java/11.0.1)
{"externalId":null,"name":"Cubone","month":10,"conclude":false}

14:30:34.498 response time in milliseconds: 53,35
1 < 400
1 < Connection: close
1 < Content-Type: application/json
1 < Date: Wed, 18 Nov 2020 16:30:34 GMT
1 < Transfer-Encoding: chunked
{"title":"Invalid fields!","status":400,"fields":[{"name":"externalId","message":"externalId not be null"}],"dateTime":"2020-11-18T14:30:34.4842105-02:00"}

14:30:34.516 karate.env system property was:  
14:30:34.702 request:
1 > POST http://localhost:8080/gakushu/v1/modules
1 > Accept-Encoding: gzip,deflate
1 > Connection: Keep-Alive
1 > Content-Length: 92
1 > Content-Type: application/json; charset=UTF-8
1 > Host: localhost:8080
1 > User-Agent: Apache-HttpClient/4.5.12 (Java/11.0.1)
{"externalId":"0561e981-9612-4dd0-8762-a7bbe926bcb7","name":null,"month":9,"conclude":false}

14:30:34.721 response time in milliseconds: 16,26
1 < 400
1 < Connection: close
1 < Content-Type: application/json
1 < Date: Wed, 18 Nov 2020 16:30:34 GMT
1 < Transfer-Encoding: chunked
{"title":"Invalid fields!","status":400,"fields":[{"name":"name","message":"name not be null"}],"dateTime":"2020-11-18T14:30:34.7092156-02:00"}

14:30:34.739 karate.env system property was:  
14:30:34.856 request:
1 > POST http://localhost:8080/gakushu/v1/modules
1 > Accept-Encoding: gzip,deflate
1 > Connection: Keep-Alive
1 > Content-Length: 92
1 > Content-Type: application/json; charset=UTF-8
1 > Host: localhost:8080
1 > User-Agent: Apache-HttpClient/4.5.12 (Java/11.0.1)
{"externalId":"4d6ffe96-c120-426e-8359-6f84e600ef48","name":"  ","month":6,"conclude":false}

14:30:34.865 response time in milliseconds: 7,82
1 < 400
1 < Connection: close
1 < Content-Type: application/json
1 < Date: Wed, 18 Nov 2020 16:30:34 GMT
1 < Transfer-Encoding: chunked
{"title":"Invalid fields!","status":400,"fields":[{"name":"name","message":"name not be null"}],"dateTime":"2020-11-18T14:30:34.8622141-02:00"}

14:30:34.884 karate.env system property was:  
14:30:34.994 request:
1 > POST http://localhost:8080/gakushu/v1/modules
1 > Accept-Encoding: gzip,deflate
1 > Connection: Keep-Alive
1 > Content-Length: 99
1 > Content-Type: application/json; charset=UTF-8
1 > Host: localhost:8080
1 > User-Agent: Apache-HttpClient/4.5.12 (Java/11.0.1)
{"externalId":"edd93213-51a1-490f-a83d-41872875fc5b","name":"Staryu","month":null,"conclude":false}

14:30:35.004 response time in milliseconds: 8,61
1 < 400
1 < Connection: close
1 < Content-Type: application/json
1 < Date: Wed, 18 Nov 2020 16:30:34 GMT
1 < Transfer-Encoding: chunked
{"title":"Invalid fields!","status":400,"fields":[{"name":"month","message":"month not be null"}],"dateTime":"2020-11-18T14:30:35.0002149-02:00"}

14:30:35.026 karate.env system property was:  
14:30:35.119 request:
1 > POST http://localhost:8080/gakushu/v1/modules
1 > Accept-Encoding: gzip,deflate
1 > Connection: Keep-Alive
1 > Content-Length: 100
1 > Content-Type: application/json; charset=UTF-8
1 > Host: localhost:8080
1 > User-Agent: Apache-HttpClient/4.5.12 (Java/11.0.1)
{"externalId":"e17ec2e6-1314-4e56-b49c-ed95f2d77e38","name":"Farfetch'd","month":0,"conclude":false}

14:30:35.207 response time in milliseconds: 86,09
1 < 400
1 < Connection: close
1 < Content-Type: application/json
1 < Date: Wed, 18 Nov 2020 16:30:34 GMT
1 < Transfer-Encoding: chunked
{"title":"Month cannot be less than or equal to 0!","status":400,"dateTime":"2020-11-18T14:30:35.2022112-02:00"}

14:30:35.237 karate.env system property was:  
14:30:35.312 request:
1 > POST http://localhost:8080/gakushu/v1/modules
1 > Accept-Encoding: gzip,deflate
1 > Connection: Keep-Alive
1 > Content-Length: 99
1 > Content-Type: application/json; charset=UTF-8
1 > Host: localhost:8080
1 > User-Agent: Apache-HttpClient/4.5.12 (Java/11.0.1)
{"externalId":"b7a35ebd-51cc-4952-b13d-3036b7574f61","name":"Venusaur","month":-3,"conclude":false}

14:30:35.388 response time in milliseconds: 72,27
1 < 400
1 < Connection: close
1 < Content-Type: application/json
1 < Date: Wed, 18 Nov 2020 16:30:34 GMT
1 < Transfer-Encoding: chunked
{"title":"Month cannot be less than or equal to 0!","status":400,"dateTime":"2020-11-18T14:30:35.3842138-02:00"}

14:30:35.402 karate.env system property was:  
14:30:35.538 request:
1 > POST http://localhost:8080/gakushu/v1/modules
1 > Accept-Encoding: gzip,deflate
1 > Connection: Keep-Alive
1 > Content-Length: 98
1 > Content-Type: application/json; charset=UTF-8
1 > Host: localhost:8080
1 > User-Agent: Apache-HttpClient/4.5.12 (Java/11.0.1)
{"externalId":"6f39dacc-2779-4c5d-bf0e-3be2ef8b1586","name":"Ivysaur","month":15,"conclude":false}

14:30:35.621 response time in milliseconds: 81,79
1 < 400
1 < Connection: close
1 < Content-Type: application/json
1 < Date: Wed, 18 Nov 2020 16:30:35 GMT
1 < Transfer-Encoding: chunked
{"title":"Month not be greater than 12!","status":400,"dateTime":"2020-11-18T14:30:35.6182119-02:00"}

 was:  
14:17:01.511 request:
1 > POST http://localhost:8080/gakushu/v1/modules
1 > Accept-Encoding: gzip,deflate
1 > Connection: Keep-Alive
1 > Content-Length: 92
1 > Content-Type: application/json; charset=UTF-8
1 > Host: localhost:8080
1 > User-Agent: Apache-HttpClient/4.5.12 (Java/11.0.1)
{"externalId":"6a5f1eb8-fc77-4e78-b94c-44d5fb8e1d00","name":null,"month":9,"conclude":false}

14:17:01.519 response time in milliseconds: 6,06
1 < 400
1 < Connection: close
1 < Content-Type: application/json
1 < Date: Wed, 18 Nov 2020 16:17:00 GMT
1 < Transfer-Encoding: chunked
{"title":"Invalid fields!","status":400,"fields":[{"name":"name","message":"name not be null"}],"dateTime":"2020-11-18T14:17:01.5158376-02:00"}

14:17:01.536 karate.env system property was:  
14:17:01.619 request:
1 > POST http://localhost:8080/gakushu/v1/modules
1 > Accept-Encoding: gzip,deflate
1 > Connection: Keep-Alive
1 > Content-Length: 98
1 > Content-Type: application/json; charset=UTF-8
1 > Host: localhost:8080
1 > User-Agent: Apache-HttpClient/4.5.12 (Java/11.0.1)
{"externalId":"1c55b133-fad5-454a-9e10-df7ec5689265","name":"Cloyster","month":0,"conclude":false}

14:17:01.693 response time in milliseconds: 71,75
1 < 400
1 < Connection: close
1 < Content-Type: application/json
1 < Date: Wed, 18 Nov 2020 16:17:01 GMT
1 < Transfer-Encoding: chunked
{"title":"Month cannot be less than or equal to 0!","status":400,"dateTime":"2020-11-18T14:17:01.6858377-02:00"}

14:17:01.709 karate.env system property was:  
14:17:01.791 request:
1 > POST http://localhost:8080/gakushu/v1/modules
1 > Accept-Encoding: gzip,deflate
1 > Connection: Keep-Alive
1 > Content-Length: 96
1 > Content-Type: application/json; charset=UTF-8
1 > Host: localhost:8080
1 > User-Agent: Apache-HttpClient/4.5.12 (Java/11.0.1)
{"externalId":"f2ea5d32-05b3-4ab7-ae6c-2cd2596263f1","name":"Paras","month":-3,"conclude":false}

14:17:01.835 response time in milliseconds: 41,86
1 < 400
1 < Connection: close
1 < Content-Type: application/json
1 < Date: Wed, 18 Nov 2020 16:17:01 GMT
1 < Transfer-Encoding: chunked
{"title":"Month cannot be less than or equal to 0!","status":400,"dateTime":"2020-11-18T14:17:01.8298334-02:00"}

14:17:01.865 karate.env system property was:  
14:17:01.960 request:
1 > POST http://localhost:8080/gakushu/v1/modules
1 > Accept-Encoding: gzip,deflate
1 > Connection: Keep-Alive
1 > Content-Length: 98
1 > Content-Type: application/json; charset=UTF-8
1 > Host: localhost:8080
1 > User-Agent: Apache-HttpClient/4.5.12 (Java/11.0.1)
{"externalId":"d984bb10-321a-4dbc-b3d6-a794a4273fcb","name":"Poliwag","month":15,"conclude":false}

14:17:02.020 response time in milliseconds: 58,01
1 < 400
1 < Connection: close
1 < Content-Type: application/json
1 < Date: Wed, 18 Nov 2020 16:17:01 GMT
1 < Transfer-Encoding: chunked
{"title":"Month not be greater than 12!","status":400,"dateTime":"2020-11-18T14:17:02.012836-02:00"}

tus":400,"dateTime":"2020-11-18T14:15:13.1753441-02:00"}

